Flow report for DSD_matriz
Tue Oct 09 17:30:30 2018
Quartus II 64-Bit Version 13.0.1 Build 232 06/12/2013 Service Pack 1 SJ Web Edition


---------------------
; Table of Contents ;
---------------------
  1. Legal Notice
  2. Flow Summary
  3. Flow Settings
  4. Flow Non-Default Global Settings
  5. Flow Elapsed Time
  6. Flow OS Summary
  7. Flow Log
  8. Flow Messages
  9. Flow Suppressed Messages



----------------
; Legal Notice ;
----------------
Copyright (C) 1991-2013 Altera Corporation
Your use of Altera Corporation's design tools, logic functions 
and other software and tools, and its AMPP partner logic 
functions, and any output files from any of the foregoing 
(including device programming or simulation files), and any 
associated documentation or information are expressly subject 
to the terms and conditions of the Altera Program License 
Subscription Agreement, Altera MegaCore Function License 
Agreement, or other applicable license agreement, including, 
without limitation, that your use is for the sole purpose of 
programming logic devices manufactured by Altera and sold by 
Altera or its authorized distributors.  Please refer to the 
applicable agreement for further details.



+-----------------------------------------------------------------------------+
; Flow Summary                                                                ;
+---------------------------+-------------------------------------------------+
; Flow Status               ; Successful - Tue Oct 09 17:30:30 2018           ;
; Quartus II 64-Bit Version ; 13.0.1 Build 232 06/12/2013 SP 1 SJ Web Edition ;
; Revision Name             ; DSD_matriz                                      ;
; Top-level Entity Name     ; matrix                                          ;
; Family                    ; MAX II                                          ;
; Device                    ; EPM240T100C5                                    ;
; Timing Models             ; Final                                           ;
; Total logic elements      ; 75 / 240 ( 31 % )                               ;
; Total pins                ; 35 / 80 ( 44 % )                                ;
; Total virtual pins        ; 0                                               ;
; UFM blocks                ; 0 / 1 ( 0 % )                                   ;
+---------------------------+-------------------------------------------------+


+-----------------------------------------+
; Flow Settings                           ;
+-------------------+---------------------+
; Option            ; Setting             ;
+-------------------+---------------------+
; Start date & time ; 10/09/2018 17:30:16 ;
; Main task         ; Compilation         ;
; Revision Name     ; DSD_matriz          ;
+-------------------+---------------------+


+-----------------------------------------------------------------------------------------------------------------------+
; Flow Non-Default Global Settings                                                                                      ;
+---------------------------------------+--------------------------------+---------------+-------------+----------------+
; Assignment Name                       ; Value                          ; Default Value ; Entity Name ; Section Id     ;
+---------------------------------------+--------------------------------+---------------+-------------+----------------+
; COMPILER_SIGNATURE_ID                 ; 58166062268847.153912421614792 ; --            ; --          ; --             ;
; EDA_GENERATE_FUNCTIONAL_NETLIST       ; On                             ; --            ; --          ; eda_simulation ;
; EDA_OUTPUT_DATA_FORMAT                ; Verilog Hdl                    ; --            ; --          ; eda_simulation ;
; EDA_SIMULATION_TOOL                   ; ModelSim-Altera (Verilog)      ; <None>        ; --          ; --             ;
; MAX_CORE_JUNCTION_TEMP                ; 85                             ; --            ; --          ; --             ;
; MIN_CORE_JUNCTION_TEMP                ; 0                              ; --            ; --          ; --             ;
; POWER_EXT_SUPPLY_VOLTAGE_TO_REGULATOR ; 3.3V                           ; --            ; --          ; --             ;
; PROJECT_OUTPUT_DIRECTORY              ; output_files                   ; --            ; --          ; --             ;
; TOP_LEVEL_ENTITY                      ; matrix                         ; DSD_matriz    ; --          ; --             ;
+---------------------------------------+--------------------------------+---------------+-------------+----------------+


+-------------------------------------------------------------------------------------------------------------------------------+
; Flow Elapsed Time                                                                                                             ;
+---------------------------+--------------+-------------------------+---------------------+------------------------------------+
; Module Name               ; Elapsed Time ; Average Processors Used ; Peak Virtual Memory ; Total CPU Time (on all processors) ;
+---------------------------+--------------+-------------------------+---------------------+------------------------------------+
; Analysis & Synthesis      ; 00:00:03     ; 1.0                     ; 4637 MB             ; 00:00:03                           ;
; Fitter                    ; 00:00:03     ; 1.0                     ; 4807 MB             ; 00:00:03                           ;
; Assembler                 ; 00:00:02     ; 1.0                     ; 4531 MB             ; 00:00:01                           ;
; TimeQuest Timing Analyzer ; 00:00:02     ; 1.0                     ; 4543 MB             ; 00:00:02                           ;
; EDA Netlist Writer        ; 00:00:01     ; 1.0                     ; 4511 MB             ; 00:00:01                           ;
; Total                     ; 00:00:11     ; --                      ; --                  ; 00:00:10                           ;
+---------------------------+--------------+-------------------------+---------------------+------------------------------------+


+----------------------------------------------------------------------------------------+
; Flow OS Summary                                                                        ;
+---------------------------+------------------+-----------+------------+----------------+
; Module Name               ; Machine Hostname ; OS Name   ; OS Version ; Processor type ;
+---------------------------+------------------+-----------+------------+----------------+
; Analysis & Synthesis      ; EduardoLap       ; Windows 7 ; 6.2        ; x86_64         ;
; Fitter                    ; EduardoLap       ; Windows 7 ; 6.2        ; x86_64         ;
; Assembler                 ; EduardoLap       ; Windows 7 ; 6.2        ; x86_64         ;
; TimeQuest Timing Analyzer ; EduardoLap       ; Windows 7 ; 6.2        ; x86_64         ;
; EDA Netlist Writer        ; EduardoLap       ; Windows 7 ; 6.2        ; x86_64         ;
+---------------------------+------------------+-----------+------------+----------------+


------------
; Flow Log ;
------------
quartus_map --read_settings_files=on --write_settings_files=off DSD_matriz -c DSD_matriz
quartus_fit --read_settings_files=off --write_settings_files=off DSD_matriz -c DSD_matriz
quartus_asm --read_settings_files=off --write_settings_files=off DSD_matriz -c DSD_matriz
quartus_sta DSD_matriz -c DSD_matriz
quartus_eda --read_settings_files=off --write_settings_files=off DSD_matriz -c DSD_matriz



